0 info it worked if it ends with ok
1 verbose cli [ '/usr/bin/node', '/usr/bin/npm', 'run', 'devStart' ]
2 info using npm@3.5.2
3 info using node@v8.10.0
4 verbose run-script [ 'predevStart', 'devStart', 'postdevStart' ]
5 info lifecycle backend@1.0.0~predevStart: backend@1.0.0
6 silly lifecycle backend@1.0.0~predevStart: no script for predevStart, continuing
7 info lifecycle backend@1.0.0~devStart: backend@1.0.0
8 verbose lifecycle backend@1.0.0~devStart: unsafe-perm in lifecycle true
9 verbose lifecycle backend@1.0.0~devStart: PATH: /usr/share/npm/bin/node-gyp-bin:/home/kinshuk/Documents/CodeBase/atlasChroma/backEnd/node_modules/.bin:/usr/local/sbin:/usr/local/bin:/usr/sbin:/usr/bin:/sbin:/bin:/usr/games:/usr/local/games
10 verbose lifecycle backend@1.0.0~devStart: CWD: /home/kinshuk/Documents/CodeBase/atlasChroma/backEnd
11 silly lifecycle backend@1.0.0~devStart: Args: [ '-c', 'nodemon index.js Development' ]
12 silly lifecycle backend@1.0.0~devStart: Returned: code: 1  signal: null
13 info lifecycle backend@1.0.0~devStart: Failed to exec devStart script
14 verbose stack Error: backend@1.0.0 devStart: `nodemon index.js Development`
14 verbose stack Exit status 1
14 verbose stack     at EventEmitter.<anonymous> (/usr/share/npm/lib/utils/lifecycle.js:232:16)
14 verbose stack     at emitTwo (events.js:126:13)
14 verbose stack     at EventEmitter.emit (events.js:214:7)
14 verbose stack     at ChildProcess.<anonymous> (/usr/share/npm/lib/utils/spawn.js:24:14)
14 verbose stack     at emitTwo (events.js:126:13)
14 verbose stack     at ChildProcess.emit (events.js:214:7)
14 verbose stack     at maybeClose (internal/child_process.js:925:16)
14 verbose stack     at Process.ChildProcess._handle.onexit (internal/child_process.js:209:5)
15 verbose pkgid backend@1.0.0
16 verbose cwd /home/kinshuk/Documents/CodeBase/atlasChroma/backEnd
17 error Linux 5.3.0-46-generic
18 error argv "/usr/bin/node" "/usr/bin/npm" "run" "devStart"
19 error node v8.10.0
20 error npm  v3.5.2
21 error code ELIFECYCLE
22 error backend@1.0.0 devStart: `nodemon index.js Development`
22 error Exit status 1
23 error Failed at the backend@1.0.0 devStart script 'nodemon index.js Development'.
23 error Make sure you have the latest version of node.js and npm installed.
23 error If you do, this is most likely a problem with the backend package,
23 error not with npm itself.
23 error Tell the author that this fails on your system:
23 error     nodemon index.js Development
23 error You can get information on how to open an issue for this project with:
23 error     npm bugs backend
23 error Or if that isn't available, you can get their info via:
23 error     npm owner ls backend
23 error There is likely additional logging output above.
24 verbose exit [ 1, true ]
